<?xml version="1.0" encoding="UTF-8"?>
<testsuite xmlns:xsi="http://www.w3.org/2001/XMLSchema-instance" xsi:schemaLocation="https://maven.apache.org/surefire/maven-surefire-plugin/xsd/surefire-test-report.xsd" name="TestSuite" time="374.627" tests="1" errors="0" skipped="0" failures="1">
  <properties>
[...]
</properties>
  <testcase name="appLogin" classname="com.deloitte.ConnectMeLib.Baselib" time="268.802">
    <failure message="An element could not be located on the page using the given search parameters. (WARNING: The server did not provide any stacktrace information)&#10;Command duration or timeout: 111.33 seconds&#10;For documentation on this error, please visit: http://seleniumhq.org/exceptions/no_such_element.html&#10;Build info: version: &apos;2.53.1&apos;, revision: &apos;a36b8b1cd5757287168e54b817830adce9b0158d&apos;, time: &apos;2016-06-30 19:26:09&apos;&#10;System info: host: &apos;USBLRILABMB&apos;, ip: &apos;192.168.0.100&apos;, os.name: &apos;Mac OS X&apos;, os.arch: &apos;x86_64&apos;, os.version: &apos;10.11.6&apos;, java.version: &apos;1.8.0_111&apos;&#10;Driver info: io.appium.java_client.ios.IOSDriver&#10;Capabilities [{app=/Users/joker/Library/Developer/Xcode/DerivedData/ConnectMe-fydgaptdfhphpsbongegczahdiym/Build/Products/Debug-iphonesimulator/ConnectMe.app, networkConnectionEnabled=false, databaseEnabled=false, deviceName=iPhone 6s Plus, fullReset=true, platform=MAC, platformVersion=10.2, webStorageEnabled=false, locationContextEnabled=false, automationName=XCUITest, browserName=, takesScreenshot=true, javascriptEnabled=true, platformName=iOS}]&#10;Session ID: 44ca27f8-e109-401e-8685-83d1435c4130&#10;*** Element info: {Using=name, value=Request a Call Back}" type="org.openqa.selenium.NoSuchElementException">org.openqa.selenium.NoSuchElementException: 
An element could not be located on the page using the given search parameters. (WARNING: The server did not provide any stacktrace information)
Command duration or timeout: 111.33 seconds
For documentation on this error, please visit: http://seleniumhq.org/exceptions/no_such_element.html
Build info: version: '2.53.1', revision: 'a36b8b1cd5757287168e54b817830adce9b0158d', time: '2016-06-30 19:26:09'
System info: host: 'USBLRILABMB', ip: '192.168.0.100', os.name: 'Mac OS X', os.arch: 'x86_64', os.version: '10.11.6', java.version: '1.8.0_111'
Driver info: io.appium.java_client.ios.IOSDriver
Capabilities [{app=/Users/joker/Library/Developer/Xcode/DerivedData/ConnectMe-fydgaptdfhphpsbongegczahdiym/Build/Products/Debug-iphonesimulator/ConnectMe.app, networkConnectionEnabled=false, databaseEnabled=false, deviceName=iPhone 6s Plus, fullReset=true, platform=MAC, platformVersion=10.2, webStorageEnabled=false, locationContextEnabled=false, automationName=XCUITest, browserName=, takesScreenshot=true, javascriptEnabled=true, platformName=iOS}]
Session ID: 44ca27f8-e109-401e-8685-83d1435c4130
*** Element info: {Using=name, value=Request a Call Back}
	at com.deloitte.ConnectMeLib.Baselib.appLogin(Baselib.java:181)
</failure>
    <system-out><![CDATA[User logging into ConnectMe IOS App
Login Successful
Text in search result is :No Articles Found
close the search field by clickng on X mark
]]></system-out>
  </testcase>
</testsuite>